[INFO] 2024-12-11 12:11:51: WEBSERV STARTED
[ERROR] 2024-12-11 12:11:51: infile failed to open
[INFO] 2024-12-11 12:11:51: WEBSERV FINISHED
[INFO] 2024-12-11 12:12:31: WEBSERV STARTED
[ERROR] 2024-12-11 12:12:31: infile failed to open
[INFO] 2024-12-11 12:12:31: WEBSERV FINISHED
[INFO] 2024-12-11 12:12:36: WEBSERV STARTED
[ERROR] 2024-12-11 12:12:37: location_error_pages: syntax error
[INFO] 2024-12-11 12:12:37: WEBSERV FINISHED
[INFO] 2024-12-11 12:16:14: WEBSERV STARTED
[ERROR] 2024-12-11 12:16:14: invalid directive in server block
[INFO] 2024-12-11 12:16:14: WEBSERV FINISHED
[INFO] 2024-12-11 12:16:20: WEBSERV STARTED
[ERROR] 2024-12-11 12:16:20: location_error_pages: syntax error
[INFO] 2024-12-11 12:16:20: WEBSERV FINISHED
[INFO] 2024-12-11 12:16:22: WEBSERV STARTED
[ERROR] 2024-12-11 12:16:22: location_error_pages: syntax error
[INFO] 2024-12-11 12:16:22: WEBSERV FINISHED
[INFO] 2024-12-11 12:16:26: WEBSERV STARTED
[ERROR] 2024-12-11 12:16:26: invalid directive in server block
[INFO] 2024-12-11 12:16:26: WEBSERV FINISHED
[INFO] 2024-12-11 12:16:29: WEBSERV STARTED
[ERROR] 2024-12-11 12:16:29: invalid directive in server block
[INFO] 2024-12-11 12:16:29: WEBSERV FINISHED
[INFO] 2024-12-11 12:16:47: WEBSERV STARTED
[ERROR] 2024-12-11 12:16:47: invalid directive in server block
[INFO] 2024-12-11 12:16:47: WEBSERV FINISHED
[INFO] 2024-12-11 12:18:03: WEBSERV STARTED
[ERROR] 2024-12-11 12:18:03: server_namesinvalid directive in server block
[INFO] 2024-12-11 12:18:03: WEBSERV FINISHED
[INFO] 2024-12-11 12:18:20: WEBSERV STARTED
[ERROR] 2024-12-11 12:18:20: server_names: invalid directive in server block
[INFO] 2024-12-11 12:18:20: WEBSERV FINISHED
[INFO] 2024-12-11 12:18:51: WEBSERV STARTED
[ERROR] 2024-12-11 12:18:51: server_names: invalid directive in server block
[INFO] 2024-12-11 12:18:51: WEBSERV FINISHED
[INFO] 2024-12-11 12:18:55: WEBSERV STARTED
[ERROR] 2024-12-11 12:18:55: invalid directive in server block: server_names
[INFO] 2024-12-11 12:18:55: WEBSERV FINISHED
[INFO] 2024-12-11 13:43:23: WEBSERV STARTED
[ERROR] 2024-12-11 13:43:23: error_pages: invalid error code
[INFO] 2024-12-11 13:43:23: WEBSERV FINISHED
[INFO] 2024-12-11 13:44:08: WEBSERV STARTED
[ERROR] 2024-12-11 13:44:08: error_pages: invalid error code: /root/etc/ServerResp/404.html
[INFO] 2024-12-11 13:44:08: WEBSERV FINISHED
[INFO] 2024-12-11 13:44:40: WEBSERV STARTED
[ERROR] 2024-12-11 13:44:40: error_pages: invalid error code: 404gfhfg
[INFO] 2024-12-11 13:44:40: WEBSERV FINISHED
[INFO] 2024-12-11 14:03:10: WEBSERV STARTED
[ERROR] 2024-12-11 14:03:10: error_pages: invalid error code: 404gfhfg
[INFO] 2024-12-11 14:03:10: WEBSERV FINISHED
